<?xml version="1.0" encoding="UTF-8"?>
<testsuite name="UnitTest" tests="5" skipped="0" failures="0" errors="0" timestamp="2016-02-11T00:15:54" hostname="epicodus-62.local" time="0.004">
  <properties/>
  <testcase name="computerPlay_shouldBeAString_true" classname="UnitTest" time="0.0"/>
  <testcase name="checkWinner_scissorsBeatsPaper_won" classname="UnitTest" time="0.001"/>
  <testcase name="checkWinner_paperBeatsRock_won" classname="UnitTest" time="0.001"/>
  <testcase name="checkWinner_rockLosesToPaper_lost" classname="UnitTest" time="0.0"/>
  <testcase name="checkWinner_rockBeatsScissors_won" classname="UnitTest" time="0.0"/>
  <system-out><![CDATA[]]></system-out>
  <system-err><![CDATA[]]></system-err>
</testsuite>
