<?xml version="1.0" encoding="UTF-8"?>
<testsuite name="TestRPS" tests="1" skipped="0" failures="0" errors="0" timestamp="2016-02-10T21:53:01" hostname="epicodus-62.local" time="0.278">
  <properties/>
  <testcase name="rootTest" classname="TestRPS" time="0.278"/>
  <system-out><![CDATA[]]></system-out>
  <system-err><![CDATA[[Thread-4] INFO spark.webserver.SparkServer - == Spark has ignited ...
[Thread-4] INFO spark.webserver.SparkServer - >> Listening on 0.0.0.0:4567
[Thread-4] INFO org.eclipse.jetty.server.Server - jetty-9.0.2.v20130417
[Thread-4] INFO org.eclipse.jetty.server.ServerConnector - Started ServerConnector@713cdc1c{HTTP/1.1}{0.0.0.0:4567}
[Test worker] INFO spark.webserver.SparkServer - >>> Spark shutting down ...
[Test worker] INFO org.eclipse.jetty.server.Server - Graceful shutdown org.eclipse.jetty.server.Server@2c03be88 by 
[Test worker] INFO org.eclipse.jetty.server.ServerConnector - Stopped ServerConnector@713cdc1c{HTTP/1.1}{0.0.0.0:4567}
[Test worker] INFO spark.webserver.SparkServer - done
]]></system-err>
</testsuite>
